<?xml version="1.0" encoding="UTF-8"?>
<testng-results ignored="1" total="11" passed="10" failed="0" skipped="0">
  <reporter-output>
  </reporter-output>
  <suite started-at="2022-05-22T21:07:15 IST" name="Default suite" finished-at="2022-05-22T21:08:07 IST" duration-ms="51868">
    <groups>
    </groups>
    <test started-at="2022-05-22T21:07:15 IST" name="Default test" finished-at="2022-05-22T21:08:07 IST" duration-ms="51868">
      <class name="Hybrid.logincrm">
        <test-method is-config="true" signature="setupsuite()[pri:0, instance:Hybrid.logincrm@209da20d]" started-at="2022-05-22T21:07:15 IST" name="setupsuite" finished-at="2022-05-22T21:07:15 IST" duration-ms="14" status="PASS">
          <reporter-output>
          </reporter-output>
        </test-method> <!-- setupsuite -->
        <test-method is-config="true" signature="voidsetup()[pri:0, instance:Hybrid.logincrm@209da20d]" started-at="2022-05-22T21:07:15 IST" name="voidsetup" finished-at="2022-05-22T21:07:28 IST" duration-ms="12255" status="PASS">
          <reporter-output>
          </reporter-output>
        </test-method> <!-- voidsetup -->
        <test-method signature="loginApp()[pri:1, instance:Hybrid.logincrm@209da20d]" started-at="2022-05-22T21:07:28 IST" name="loginApp" finished-at="2022-05-22T21:07:33 IST" duration-ms="4806" status="PASS">
          <reporter-output>
          </reporter-output>
        </test-method> <!-- loginApp -->
        <test-method signature="signupapp()[pri:2, instance:Hybrid.logincrm@209da20d]" started-at="2022-05-22T21:07:33 IST" name="signupapp" finished-at="2022-05-22T21:07:40 IST" duration-ms="7461" status="PASS">
          <reporter-output>
          </reporter-output>
        </test-method> <!-- signupapp -->
        <test-method signature="searchupapp()[pri:3, instance:Hybrid.logincrm@209da20d]" started-at="2022-05-22T21:07:40 IST" name="searchupapp" finished-at="2022-05-22T21:07:45 IST" duration-ms="4868" status="PASS">
          <reporter-output>
          </reporter-output>
        </test-method> <!-- searchupapp -->
        <test-method signature="Bedapp()[pri:4, instance:Hybrid.logincrm@209da20d]" started-at="2022-05-22T21:07:45 IST" name="Bedapp" finished-at="2022-05-22T21:07:54 IST" duration-ms="8889" status="PASS">
          <reporter-output>
          </reporter-output>
        </test-method> <!-- Bedapp -->
        <test-method signature="Bedappcart()[pri:5, instance:Hybrid.logincrm@209da20d]" started-at="2022-05-22T21:07:54 IST" name="Bedappcart" finished-at="2022-05-22T21:07:57 IST" duration-ms="3554" status="PASS">
          <reporter-output>
          </reporter-output>
        </test-method> <!-- Bedappcart -->
        <test-method signature="assertionaa()[pri:6, instance:Hybrid.logincrm@209da20d]" started-at="2022-05-22T21:07:57 IST" name="assertionaa" finished-at="2022-05-22T21:08:00 IST" duration-ms="2323" status="PASS">
          <reporter-output>
          </reporter-output>
        </test-method> <!-- assertionaa -->
        <test-method signature="tvappcart()[pri:7, instance:Hybrid.logincrm@209da20d]" started-at="2022-05-22T21:08:00 IST" name="tvappcart" finished-at="2022-05-22T21:08:02 IST" duration-ms="2215" status="PASS">
          <reporter-output>
          </reporter-output>
        </test-method> <!-- tvappcart -->
        <test-method signature="studyapp()[pri:8, instance:Hybrid.logincrm@209da20d]" started-at="2022-05-22T21:08:02 IST" name="studyapp" finished-at="2022-05-22T21:08:06 IST" duration-ms="3969" status="PASS">
          <reporter-output>
          </reporter-output>
        </test-method> <!-- studyapp -->
        <test-method signature="aboutapp()[pri:9, instance:Hybrid.logincrm@209da20d]" started-at="2022-05-22T21:08:06 IST" name="aboutapp" finished-at="2022-05-22T21:08:06 IST" duration-ms="618" status="PASS">
          <reporter-output>
          </reporter-output>
        </test-method> <!-- aboutapp -->
        <test-method signature="infoapp()[pri:10, instance:Hybrid.logincrm@209da20d]" started-at="2022-05-22T21:08:06 IST" name="infoapp" finished-at="2022-05-22T21:08:07 IST" duration-ms="459" status="PASS">
          <reporter-output>
          </reporter-output>
        </test-method> <!-- infoapp -->
        <test-method is-config="true" signature="teardown()[pri:0, instance:Hybrid.logincrm@209da20d]" started-at="2022-05-22T21:08:07 IST" name="teardown" finished-at="2022-05-22T21:08:07 IST" duration-ms="395" status="PASS">
          <reporter-output>
          </reporter-output>
        </test-method> <!-- teardown -->
      </class> <!-- Hybrid.logincrm -->
    </test> <!-- Default test -->
  </suite> <!-- Default suite -->
</testng-results>
