<?xml version="1.0" encoding="UTF-8"?>
<!-- Generated by org.testng.reporters.JUnitXMLReporter -->
<testsuite ignored="1" hostname="usha" failures="0" tests="10" name="Default test" time="51.868" errors="0" timestamp="2022-05-22T21:08:07 IST">
  <testcase classname="Hybrid.logincrm" name="loginApp" time="4.806"/>
  <testcase classname="Hybrid.logincrm" name="signupapp" time="7.461"/>
  <testcase classname="Hybrid.logincrm" name="searchupapp" time="4.868"/>
  <testcase classname="Hybrid.logincrm" name="Bedapp" time="8.889"/>
  <testcase classname="Hybrid.logincrm" name="Bedappcart" time="3.554"/>
  <testcase classname="Hybrid.logincrm" name="assertionaa" time="2.323"/>
  <testcase classname="Hybrid.logincrm" name="tvappcart" time="2.215"/>
  <testcase classname="Hybrid.logincrm" name="studyapp" time="3.969"/>
  <testcase classname="Hybrid.logincrm" name="aboutapp" time="0.618"/>
  <testcase classname="Hybrid.logincrm" name="infoapp" time="0.459"/>
  <testcase classname="Hybrid.Baseclass" name="@BeforeSuite setupsuite" time="0.0">
    <ignored/>
  </testcase> <!-- @BeforeSuite setupsuite -->
</testsuite> <!-- Default test -->
